493
476 4644 648 1342 5279
494 3005 6226 325 9660 9611
292 578 6525 9994 6556
419 246 4821 2335 8854 3531 4013 7949 6612
275 790 5798 8247 9898 83 218
123 2279 9988 5929 2989 5788 1476 2857 6578
37 9640 7155 5022 5408 2402 7716
159 871 5335 5674 5731 2846 3739 6460 1756 4275
311 1336 8878 8720 6863 695 8275 7770
247 3153 8260 3392 7697 8046 9340 7414 3192 7392 6130 6530
271 3523 7687 3637 9035 3582 3751 2687 4900 1501 5874
32 8040 4985 9838 6776 5166 5903 7890 6901 2946 6374 8523
39 4726 8835 1345 4717 1642 3958 2714 7980 6823 41
474 1181 1521 661 6650 5252 2296
307 2486 172 9349 4243 4507 9481 2810
110 1581 7967 8598 8351
126 366 4941 5442 8289 3017 4780 9874 552 688 5500 7273 4649
130 5330 353 9280 491 502 1468 713 6936 8410
420 4766 7028 9637 9920 714 7304 2590 7151
82 4721 6963 3946 1626 3398 2662 4655
163 9398 6506 9408 8057 8803 6020 5059 2869 6688 7127 2630
13 7837 210 8089 4448 490 253
409 3417 273 8764 3169 7969 910 1194 4763 1853
92 9265 4629 5371 3553
320 3743 6840 7713 2391 1425 3983 7551 6793 305 8707 1465 5706
53 8549 5147 5595 2755 216 1666 9028
184 1276 2467 5738
149 4407 229 9710 2670 6592 8766 9434
35 2741 2835 6993 8511 8137 3185
33 4086 2934 7281 4651 7601
28 4293 4486 1694 9526 2886 7344 699 685 1400 8931 8531
337 4667 575 722
319 6859 9159 8895 9083 220 6512 1865
340 7232 3086 7581 7114 8464 6433 8572 5628 6852
65 5135 6144 1546
164 9132 5389 7249 4505 888 1871 3613 8050 3326
68 7115 2551 7718 1892 3961 4318 2764 9690 4225 7075
84 9636 9188 1044 9962 4842 9025 3022
91 3053 5547 8586 3854 6221 3218 4946
241 1905 1582 5986 3715 1011 863 9273 1410 2359 52 7204
413 6269 7824 4684 7256 4444 1159 6075 3071 8678 5504 2265 2777
475 915 195 512
393 5107 5682 7736 7261 4572 739
438 3473 5754 5905 7536 4749 2532 5793 38 4044
201 3745 8389 8140 8342 7602 4489 8650 8973 2611 4332 5057
446 1323 6414 8686 4389 2727 6809 9260
313 2787 895 728 7486 6979 9295 463 5073 2079 8462 1622 8009 1761 4051
372 9688 768 2559 287 1297 4324 1055 6808 797 7840
305 6457 5535 3713 8837 9478 5751 9259 8466 9674
418 8618 1715 1749 4042 2038
293 7559 6851 1720
240 2744 239 5525 3859 5308 3827 9115 4416 1520 9937 9997 3767
483 9887 8793 8841 5418 944 3251 7806 5936
447 6103 6249 8681 2060 9747 792 8077 6636 3939 7650 5499
121 8750 8203 5247 2571 4720 9192 4277
412 3895 9833 6588 4671 2952 9566 4903 7856 4435
411 3297 6602 9797 1834 7549 3797 9401 1640
300 1423 2210 6865 6519 2617 2332 7086 4942 9171 22 5115
61 1122 5301 6241 5008 1417 2900
27 4027 5069 9982 8473 5532 4556 741 3174 7055 7017 2597
495 8743 2811 893
234 8052 8559 5700 3700 9264 4421 5203 7316 6974
486 6698 813 9711 687 5081 7784 7952 7259
406 3375 1233 5317 4938 6941 4026 3126 3822
361 2085 708 3876 6878 5503
254 7977 7383 6469 3561 8390 761 632 90
175 8416 2515 3536 7156 3458 2595 3850 8103 3271
147 2896 8554 1042 9968 9207 820 6396 4594 7694 7351 9222
462 6258 641 6134 6327
344 9301 5170 6574 7796 1716 5729
89 2408 9293 2263 2468 2092 9422 1203 8306 8831
472 2331 9438 2048 2575 550 2711
464 2202 9014 9569 8191
400 1020 5439 6669 7141 3423 1557 1719
21 1796 5509 215 4954 5126 5226 5551 6400 3222 769 2324 8455
183 8824 9484 3820 3432 7352
95 7233 5287 5856
269 6267 4782 96 4071 5554 1244 8731 153 8183 5913
439 482 4512 1147 5104 7597 2100 1518 6611 4612 4730
452 3888 4066 9442 7357 2624 1340 4702 9485 2102 360 3236
373 7174 5508 5196
448 779 759 7569 5157 4341
131 8423 4977 2926 9989 6155 9679 4573 6282 4450
484 1019 639 1180 7216 3147 5710 5573 9669 8734 8194
405 276 3415 2973 3079 7008 7085 8388 7531
421 8815 1072 5536 2379 1773 4893 1948 4169 3632 7006 1851
368 8045 3345 2774 1866
162 472 9011 3600 8821
166 3926 5867 3383 5134 3338
432 8175 4586 1743 9290 6260 5327 8738 7976 6940 9622 7138
449 191 1107 2258 6312 8164 1994 6656 1855
358 5634 8757 9218 5755 6076
290 7285 8302 2238
302 8981 6351 2284 7021 5075 323
230 949 8098 8975 5904 7884 2059 265 7970 6143 7396
321 5234 1220 379 8363 897 2063 7393
189 1371 6299 4253 6334 7683 4781 7775 1583
116 9161 3530 396 62 3501 1134
81 133 7329 5456 7606 3011 9823 655
403 631 3267 8170 6265 8346
440 7459 691 3548 4511 5900 6011 2969 8060 1942 5890 2043 4073
11 1728 9745 5652 7026
118 2586 1479 9363 492 5636 100 3031 4840 3058 9086 4939 9432
145 8186 5687 1693 3411 6961 6750 5055 9714 6139 3044
299 4976 182 101 8762 1668 6921 7118 4233
489 6468 731 8176 5462 1935 563
473 5350 8469 5770 8035 7469 3596 5356 3330 6601 7993
363 7611 8362 5035
353 4613
465 2730 3518 2936 2979 4307 150 2719 7773 6926 7630 3014 8055
231 9440 8418 6398 2699 102
496 5617 7321 2614 3995 4078 1139 5343 1504 3970 1616
160 3494 6379 8780 4241 8010 2550 7963 9732
282 3837 8123 5097 6287 9588 7821
314 2721 7582 3535 2925 1940 8624 4892 9495
477 8949 4553 6545 6063 232 5127 7202 8270 3655 123 8443
346 6991 3189 7041 7567
267 141 8111 7447 3714 7654 9764 3414 1496 4135
454 331 5701
424 7810 457 2175
14 493 7228 88 304
453 7381 8967 8574 3264 6395 5416
119 505 2537 5466 4274 4873
137 4880 423 4008 8253 3442
155 7734 4093 3744 1142 9926 4923 7960 4229 317 1038
401 7503 6388 8790 2050 1652 924
297 4391 8505 810 4106
144 7461 240 7714 2582 3476 4328 1917 9552 2669
75 6213 4704 2476 8722 6817 8309 9498 1734 3693 7134 6192
309 5011 8918 1727 8789 2671
172 6002 3667
468 6257 7290 1237 6332 1301 349 5444
295 2124 421 7036
450 2939 5872 7048 5553 3182 1466 3193 1958 8513 2083
40 9459 5658 989 8781 1670 873 3167 268 657
38 9235 5024 7626 1075 2475
22 7165 5679 1168 1766 7605
265 9935 14 6918 6707 930 7311 1399 3440 9325 4377
58 9450 3565 4140 2677 9619 6137 1565 1770 8756
127 278 9073
9 4869 6062 8683 4226 8498 196 6042 7463 3391 8352
193 154 3766 3072 7801 4624 7385 9379 1279 7454 5481
389 7049 2524 2844 6917
334 2197 7865 7435 7064 1284
467 7382 7562 9986 7901 9023 4115 8911 9254 4397
396 5795 3394 815 8447 8996 3293
451 6786 2769 8350 4173 8018 4478 8337 1572 679
34 8792 151 9930 1664 106 4513
379 2369 8808 6234 3425
113 2061 882 1839 1458 4396 6854 7921
390 7340 4705 4181 3711 1802 6010 3937 9802 8645
444 670 2879 36 646 1571 8914 2911
459 5474 7899 6281 7025 9735 1007 7566 1806 2262 4040
7 2152 6598 6653 4744 4223 806 7265
460 1962 6467
260 6675 4574 6996 3046 5450 4806 7499 6458 8371
99 6185 4330 4648 9038 5639 2780
80 4654 4315 1319 9722 8761
327 6266 987 9156 9372
190 4956 734 4866 7489 664 6623 864 6274 7839
347 9876 5431 5667 2991
332 7074 7210 5684
414 4134 9066 6739 3106 9123 9047 3099 8899 9602 8969 3544 707
31 1230 115 7563 6421 774 8897 4674 4551 6929
365 5678 8927 1028 1179 8888 4045 8926 3152 1920
187 2314 2505 794 4242 507 6616 6798 3910
289 6619 2795 3405 7747 6568
316 5587 6572 603
52 5038 4761 7742 6925 6456 3954 7755 5778 9244
445 2135 9595 1432 142 3985 827 2806 7301 8431
357 5941 6628 1022 8817 1349 4635 1450 4788
227 4077 207 3866 9300 1560 1255
176 5961 193 3429 2531 4532 3990
339 7887 5864 6436 5013 9436 3275 8758 5797 6222 4517 6781
387 3132 1164 7196
4 8768 1973 5232 1403 6389 9878 3828 9577 7825
205 8507 4693 4830 272 9493 212
188 1127 8714 7680 4362
36 9187 5491 5912 4874 9144
192 1463 6417 7476 9186 9313 8147
148 2183 2215 1383 2240 4472 1085 2521 6783
202 5125 2423 519 6584 3735
167 1708 7213 348 684 4588
323 9676 8143 3308 7013
229 9646 3262 9666 1201 1562 1828 5278 9364 1826 767 1047
108 5704 5006 529
218 2935 3362 8069 6289 5773 6708 3951
488 450 3352 7295
481 3682 4728 2850 2356 2406 7642 4314 7274 4537 8445 5390
87 5825 4100 8804 9402 773 496 1218 8736 6052
285 8042 3331 7262 6105 9245 692 2961 2593
122 468 5917 3451 668 6560 2494 4754
423 4928 6153 9332 7939 1288 3096 4760 3100 6394
115 8765 54 1631 538 2290 8652 8146 5907 2218 7428 7223
284 4345 2191 7314 4929 7077 8654 4800
291 667 9056 437 9358 1098
345 5546 4070 446
278 5703 4592 9585 9583 5017 5957 425
252 8444 3977 7160 4200 8844 9809 2143 5339 6091 6426 3463 6428
304 847 7956 1762 4032 4158 4321 8495 4587
262 8566 9200 5794 8600 590 2340 7894
204 7676 7841 6051 7546 1559 2735 6933
226 4238 2264 3759 7142 542 2275 3557 6124 2033 4015 6510 712 1847
158 4908 8215 7688 854 3869 236 7235 9472 1049
470 9507 7984
133 9576 1896 5176 545 2150 8190 5608 3365
180 3194 6188 650 8490 7859 6416 7968 6886 7287
214 3581 2228 6659 26 4162 1407 9721 613 4737 8430
457 10 1077 7659 9388 844
257 2203 7170 4822 8252 1952
109 7925 5769 7327 9031 4538 6713 6805 233
435 4178 2274 849 8463 8001
19 4060 5155 2598 1212 976 4326 8858 3835 2663
111 2472 9449 4474 9593 3959 4991 113 8374 4519
375 1956 5183 5868 9781
105 9312 9225 7586 4038 4902 122 6279 9702 5334
6 6826 3143 1087 4412 8225 5621 5948 2460
385 9675 7082 1769 3746 1482 6934 1673 1046
107 9606 9137 4290 9632 7358 3838
62 1682
125 9040 6900 8674 1362 1152 9786 5052
383 372 3860 7455 1010 4296 9127
97 1529 4429 2860 6674 8267 7183 4224 477 1052 7108
253 6309 780 6300 9523 4810 3648 3203 442 7927
263 3034 6647 3846 6691 9130 9957 760 8236 4456
391 1252 5972
8 2272 3188 5228 1084 8125 8846 5259 8994 1615
318 1978 1364 5388 2639 2168
135 2034 3653
397 522 4449 3657 5056 5443 8241 1376 6345 2109 1050
426 4920 42 593 551 449
78 6316 247 7004 1686
248 5839 4161 3547 315 4028 2224
492 744 1639 175
0 1207 8413 9021 7561 9807 2504
101 5800 9567 8307 6231 7550 4740 7276
117 3024 935 4558 9949
207 4564 4154 4289 7945 2668 9236 4177 3098
356 3274 7278 9708 1451 8907 9070
136 4107 7466
220 7638 2157 3681 1864 7342 6621 8670 4736 9395 5336 7946 4402
88 3662 9953 996
216 9318 627 3506 7038 9168 2722 2245
310 3227 5728 7399 4132 2401
443 7157 7490 5815 9256 8250 4580
76 3841 9954 9529 1515 9736 3721 1763 9470 1431 9492 6003
433 4039 5103 8428 8853 9139
303 8434 7787 7267 2256 1474 2557 7762
139 7628 8609 929
407 6025 5468 4133 1695 4646 2554 3422
151 9102 8785 2007 7587 6276 2908
154 1663 9316 4735 5086 2654 2414
85 1625 1757 8248 6210
171 2326 9036 1064 6861 7237 5609 6092
217 3729 4218 3931 4414 2672 9586 3847 1775
51 7485 6573 1439 1102 4966 7992 6301 408 6992 7043 7833
60 7903 2457 1304
48 8249 3857 2871 4751 8529
102 9271 2647 9857 6286 3755 3111 8074
157 926 135 5467 5204
1 6205 2349 6339 2207 5016 1924 8987
2 3963 5244 5085
210 4891 8481 3842 8982 8542 1611 6590 2471 9668
469 6449 3310 6256 1662 1137 9643 8632
198 4828 4849 1601 3493 7409 2186 6224 7627
224 6767 1059 6077 7426 5445 7091
331 3003 1669 2918 662 9262 170 4767 1093
134 7513 6115
360 9386 2767 6709 6382 351 4565 7494 6646
251 9521 3313 279 4372 5683 901 4593 3543 3291 7955 4688
104 3522 4808 9530 2998 9357 3909 7996 4438 8158
349 1435 7012 511 3 9370 8278
245 7451
112 9610 4304 2634 4823 1105 6949
182 4033 719 5410 4487 2643 4554 7675
228 9291 5563 2903
404 4755 8615 8033 9208 5857
417 167
25 316 3584 3719 3027 3913 4666
200 483 362 6875 2353
461 9728 8880
71 286 2863 8887 3660 9338 326 3467 8208 793 7131 754 921
74 3573 1776 478 2065 7651 7181 7800 5911
370 2128 5787
90 6547 1208 8904 5555 6548
386 2270 8457 5402 6717 6773 6778
49 3843 6587 4214 5195 6270 8192
336 7719 4340 3373 7437 7137
152 2785 5660 4048 2289 8845 1912 7379
286 7248 3643 9487
103 6157 7234 4986 5211 401 1196 7556 6347 3932 969 3341 2605
261 8744 765 6607 9766
56 5615 1262 5564 8090 8625 5492 656 9443 6662
442 5743 9206 8461
350 3456 9018 1298 7691
288 1542 5772 9414
223 4792
471 6899 5185 3211
259 8796 1527 7608 823
208 9104 1590 4065 6302 906 726
482 4166 2790 2322
402 9659 659 2746 5624 998 6133
428 3616 5723 9634 1536 3614 7150 7591
427 7457 243 1034 3379 2666
124 7072 1722 8951 6896
395 7192 6557 5161 4522 8958 3656 8459
150 5401 8025 7427 7741 3580 6744 6523 2169
169 2049 9791 7730 7807 9015 5186 103 9644 6742 5044
77 4168 2815 8238 6642 3000 284
479 2248 7880
41 9522 7220 5398 1906 221 2851 2958 3286
485 9067 6633 4153 4566 6064 4388 4703 7482
294 9153 5964 5257
287 2355 2882 1388 799 1309
179 6706 7197 3116
29 6920 7253 2842 9 6702 7493 5275 4136 6787
44 6964 2941 9780
86 6734 9704 7783 1665 7574 6110 2568
249 7368 9181 3151 3902 4333 8420 1998
398 8011 5995 5355
212 6295 6479 8287 296 7743 5861 3777 3862 1723 7416 9248 1153
306 8004 9626 8816 1380
3 4076 3453 6956 4541 7296
256 3856 6129 3702 1725 3620 9830 1644
215 5953 2167 2713 5179 4814 9466 7907 8000 1191
478 5282 2382 4222 1200 7143 8308
235 8532 9816 9475 1347
384 8264 5182 5220 1941 7835 6774 5054 8746
128 4230 4363 6954 4948 6262 5246 3631
455 5730 7484 6070 5236 5943
463 523 6731 1306 982
415 1202 4607 3225 2779 5656 7863 1880
315 3284 2819
181 9784 9413 1760 2444 2008
244 5395 7359 5878 4139
140 3664 3590 3628 7792
141 5637 6048 8012 5346
392 8916 3296 8440 4000
429 7521 5307 2255 4036 9534 7702
10 4851 1303 5692 7672 5131 2868 2067 4569 263
329 6166 4783 1838 440 608 500 5375
237 1017 4563 5295 8521 2384 1857 8037
359 2839 3736 8852 7194 6986 8890 986 7732 7272 2064 1219 4483
490 6170 6908 2291 1377
196 6201 3676
437 6101 1369 5130 21 7126 1426 6315
199 7526 1146 6186 9657 5517 3627 1375
342 4327 2674 1567 4310 1398 465 1339
298 9216 6890 5430 8885 3265 4475 6000 5926
380 5299 518 1889
156 9351 3629 3041 9424 8092
352 9827 896 9955 7598 6903 2877 9284 4550
243 703 1890
258 5351 7453 6164 7774
434 5705 8501 3703
367 6413 1294
100 7241 1498 4050 1192 5708 34 1937
425 2655 9945 3465 652 3133 2536 2462 5049
5 1002 6676 2396 9671 9093 6577 1188 2006 5258 4589 1396 6915
410 6503 7510 6311
250 997
416 7356 5093 5065 1992 3982 8157
272 2856 4935 3288 9101 352 1923
338 312 4982 9717 3381 5364 1746
114 8167 5399 7874 1488 3887
499 2602 671 953 5654 8753 4789
233 4187 7817 1980
15 2959 2127 9019 9393 9845 8874
436 2701 155 8992 3950 6250 7107
168 4914 2953 6609
255 6425 3270 3563 8570 798 1420
50 6639 6594 7434
211 8881 6054
20 4126 1031 3320
69 8684 5493 1430 1781 3195 8276
138 7444 8710 8056 5559 8193
376 9691 9859 6597 2030 2765 8231
79 1908 2252 1198 740 2548 9317 6346 1140 7205
161 1195
277 9051 6181 2105 1348 5799 3322 9902
335 6434 5690 8470 5169 1324 8135 2338
242 1032 9108 916 2972
54 3461 5440 2530 8579 9535 5885
178 2329 4323 6343 1246 7915 4061
362 7260 6167 2317 947 6005 7430
491 8043 1120 2001 44 285 8737 3388
153 8862 9305 6165 8298 6796 2421 8425 983 4653
177 835 510
458 2111 8548 8608 3752
377 2458 5362 4542 2820 7720 6683 955
206 5391 7560 2213 1109
18 7000 8703 6502
308 5268 1711 63 131 6736 2970
46 8990 8605 8866
328 9551 4955 6543 4683 3057
66 696 1414 6074 8527 413 6972
173 5552 3050 2766 4266 8773 4698 8942 1634 2042
143 2431 6724 5293
57 9716 8199 4539
17 7431 2243 9194 950 1467
106 1357
466 5200 3007 2222
301 1638 3146 7050
73 6595 4837 1081 7076 4995 6370 2981 8767 336 8053 1801 4079
45 9829 6492 1440
280 7105 9232 8051 6924 2372 6746 2024 5187
83 7709 6952 72 2231 1603 4533
283 4356 5 8188
12 389 828 2577
381 8634 5702 7951
330 3298 4054
47 7828 6582 6495 3349
222 7909 616 9119
281 7543 6038 9383
497 4853 3471 8787 2660 4716
296 2192 5448 9335 6209 2399 3178
63 6541 1785
312 6014 5320 6452
399 745 3597 3592
493 7948 1236 2608 2747 1817
26 732
351 3794
197 1353 6227 7474 6912
219 1012 4636 412 4007 4192 9283
165 1394 9693 8717 3920 2682
59 1907 9738 8368
195 1495 4963 4996 8966 8315 2904
194 1814 5666 7322 5854
232 7298 6320
333 750 390 3527
142 7201 7408 9517 6089 4195 5138 7371 7380
355 2560 6681 5298 3537
371 2058 6614 889 541 1881
366 4437 8081 8922 1628 5434
325 1289 4256 6671 1091 6505
268 4819 8740 2541 1632 1530
264 8239 5835 9939 7355 9457
72 3161 9270 4281 3540 4376
238 5429 8227
354 4677 1505 9936 9400
270 8014 2968
348 9705 9096 6273
441 6837 8610 1182
374 1344 8319 8138 6914 2885
422 5359 9366 7641 5173
276 6700 8530
70 5386 3505 1586 439
430 33 5598 5365
273 9114 6172
209 5218 4936
64 560 5110
456 3460 3318
129 1988 9694
221 5454 6415
67 7738 3549
498 8801 5109 1938 8819 6764 9199
394 43 132 8739
186 5119 4708
174 1972 9621 4797 5047
170 3625 5251 8272 9597 8850 2249
317 6777 2638 1321
55 2070 1919 9120
185 9514 2818 9196
203 1656 2894
487 4295 4504
382 3069 4331 3533 6470
24 1867 2123 8989 1528
364 1157 3447 8310
408 9568 8432 2996 3670
225 9027
378 6121 858
341 2488 4575 7104 7895
23 3418 2451 9125
42 3348 7022
343 6482 4292
93 3278
324 8635 7062 9890 2695
146 3084
236 49
120 134 7633
30 7129 8538
43 4217
480 532
322 3200
266 3691 8291 9428
213 6169 2305
326 8952 183 230 7293
431 2330 5162
239 3500
274 831 7186 8782
279 5034
132 8724
94 2112
