53
45 4 2 15 11 42 23 1 60 37 31 18 309 52 156 32 91 3 47 48 20 8 27 26 85 83 135 34 81 332 12 117 62 53 74 7 121 69 138
86 50 13 21 8 24 100 9 68 0 178 6 45 16 67 22 25 11 33 38 230 64 60 2 30 245 14 3 18 49 277 95 131 161
7 25 6 47 11 35 3 66 36 107 39 55 13 56 10 2 60 102 54 90 21 250 109 34 49 67 89 93 15 145 19
2 9 12 24 83 16 23 62 5 21 28 15 94 179 4 59 3 214 264 81 132 181 96 103 42 20 8 0 38 178 85 156 65 208 390 27 102 148
15 92 19 7 31 72 4 63 27 51 182 147 150 20 90 127 202 113 1027 84 23 231 309 2
57 54 45 17 131 38 46 118 43 91 422 114 76 116 218 48 126 197 375 110 200 448 1442 111
6 20 34 25 40 29 41 44 108 17 13 75 121 10 54 137 2 86 170 145 89 119 72 135 52 71 6 112 799 82 83
31 105 43 28 16 102 399 2360 14 67 173 268 199 21 141 69 1106 132 222 590 301 122 142 2078 128 172 302 253 73 178 842 549 557 217 125 95
32 22 55 19 97 1 30 180 77 215 339 32 239 104 232 323 33 619 56 11 287 321 101 137 318 74 60 645 53 49
67 18 65 1 27 37 60 50 32 33 78 70 139 53 58 11 26 77 13 64 34 57 48 82 22 323 36 120 308 165 519 105 25 155 152
11 136 51 75 41 248 6 40 84 111 79 142 327 61 19 10 72 231 46 70 112 475 174 39 63 254 124 139
83 49 69 162 227 779 106 86 589 1595
92 169 248 179 42 66 120 194 205 36 106 50 316 130 715 57 210 176 255 293 190 774 152 216
5 10 35 97 40 66 61 240 195 199 68 255 149
24 104 91 128 28 80 31 115 644
53 1866 73 110 100 118 216 92 1296 9 194 302 1035
99 12 29 119 168 79 62 113 71 406 503 130 891 101 160 637 175 94 5 143 7 539 117 138
28 0 148 64 264 114 128 272 144 9 51 82 35 1150 121 164 791 975
55 65 460 88 146 189 44 80 208 70 218 103 374 134 412 41 124 57 414 115 978 96 84 37 1459 402 337 544
37 20 246 48 26 154 129 45 1 28 24 40 15 114 2096 18 30 141 77 44 36
71 68 37 101 546 143 77
1 159 13 93 237 505 43 425 435
87 8 99 26 3 257 81 470
68 76 24 324 243 58 509 279 134 517 170
26 0 66 187 59 55 158 42 210 2195 2052 161 415 173 234 446 85 409 299 890 313
27 45 47 30 15 12 119 151 17 228 157 11
79 87 76 12 88 238 291 170 115 169 159 485 62 498 112 165 96
97 69 124 559 241 173 52 78 10 35 334 4 54 76 83 53 86 259 7 278 510
75 147 97 129 1073 19 30 209 92 98 235 562
21 124 50 74 37 325 33 1948 87
23 95 29 122 44 462
47 174 229
12 213 105 99 46 18 7 23 221 22 117 632 163 94
84 86 39 124 19 17 46 136 22 57 363 118 51 25
78 70 172 292 352
81 209 167 282 47 527 300 59 133 1627
22 133 161 40 78
29 360 329 139 490 281 153 278 71 223
48 99 67 3 21
61 213 2014
54 180 115 32
70 253
88 1
98 55 42 229 13
89 127
56 63 481 184
20 60 16 8
34 137
90 7 43 14 42 140 331
14 185
96 5 28
82 247
9 9
